{"contracts/FranklinDecentralizedMarketplace.sol":{"l":{"164":73,"168":73,"169":71,"171":69,"172":69,"174":67,"175":67,"182":10,"191":7,"192":2,"195":5,"202":7,"203":5,"205":3,"212":6,"219":94,"224":94,"225":41,"229":53,"230":53,"233":53,"234":53,"236":53,"237":53,"247":4,"249":4,"250":0,"254":4,"255":4,"258":4,"259":4,"261":4,"262":4,"263":4,"273":5,"276":5,"277":5,"278":5,"279":5,"283":5,"284":5,"302":6,"306":3,"307":3,"308":3,"309":6,"310":6,"311":3,"314":3,"317":3,"322":7,"327":10,"342":13,"348":9,"349":9,"351":7,"360":8,"361":8,"363":5,"373":14,"375":10,"376":10,"378":8,"384":10,"385":8,"387":4,"388":4,"390":2,"392":0,"402":10,"403":10,"405":7,"420":18,"421":16,"422":14,"424":12,"426":10,"427":10,"429":8,"430":6,"433":6,"435":4,"436":4,"439":2,"443":2,"446":2,"448":2,"456":94,"458":94,"461":94,"462":0,"466":94,"469":94,"470":94,"473":94,"474":94,"476":94,"477":94,"479":94,"481":94,"492":5,"494":5,"495":0,"499":5,"502":5,"503":5,"506":5,"507":5,"509":5,"510":5,"511":5,"512":5,"514":5,"515":4,"518":5,"524":2,"537":0,"538":0,"554":5,"555":0,"559":5,"561":5,"562":5,"563":5,"564":6,"565":6,"566":5,"569":1,"572":5},"path":"/mnt/d/Kingsland-University-Decentralized-Marketplace-Decentralized-Application-Project-2019/contracts/FranklinDecentralizedMarketplace.sol","s":{"1":73,"2":73,"3":71,"4":69,"5":69,"6":67,"7":67,"8":10,"9":7,"10":2,"11":5,"12":7,"13":5,"14":3,"15":6,"16":94,"17":94,"18":41,"19":53,"20":53,"21":53,"22":53,"23":53,"24":53,"25":4,"26":4,"27":0,"28":4,"29":4,"30":4,"31":5,"32":5,"33":5,"34":5,"35":5,"36":5,"37":5,"38":6,"39":3,"40":3,"41":3,"42":6,"43":6,"44":3,"45":7,"46":10,"47":13,"48":9,"49":9,"50":7,"51":8,"52":8,"53":5,"54":14,"55":10,"56":10,"57":8,"58":10,"59":8,"60":4,"61":4,"62":2,"63":0,"64":10,"65":10,"66":7,"67":18,"68":16,"69":14,"70":12,"71":10,"72":10,"73":8,"74":6,"75":6,"76":4,"77":4,"78":2,"79":2,"80":2,"81":2,"82":94,"83":94,"84":94,"85":0,"86":94,"87":94,"88":94,"89":94,"90":94,"91":94,"92":94,"93":94,"94":94,"95":5,"96":5,"97":0,"98":5,"99":5,"100":5,"101":5,"102":5,"103":4,"104":5,"105":2,"106":0,"107":0,"108":5,"109":0,"110":5,"111":5,"112":5,"113":5,"114":6,"115":6,"116":5},"b":{"1":[71,2],"2":[69,2],"3":[67,2],"4":[2,5],"5":[5,2],"6":[3,2],"7":[41,53],"8":[0,4],"9":[3,3],"10":[3,3],"11":[9,4],"12":[7,2],"13":[5,3],"14":[10,4],"15":[8,2],"16":[8,2],"17":[4,4],"18":[2,2],"19":[0,2],"20":[7,3],"21":[16,2],"22":[14,2],"23":[12,2],"24":[10,2],"25":[8,2],"26":[6,2],"27":[6,0],"28":[4,2],"29":[2,2],"30":[94,0],"31":[0,94],"32":[0,5],"33":[4,1],"34":[0,5],"35":[5,1]},"f":{"1":73,"2":73,"3":10,"4":7,"5":7,"6":6,"7":94,"8":4,"9":5,"10":6,"11":7,"12":10,"13":13,"14":8,"15":14,"16":10,"17":10,"18":18,"19":94,"20":5,"21":2,"22":0,"23":5},"fnMap":{"1":{"name":"constructor","line":163,"loc":{"start":{"line":163,"column":4},"end":{"line":163,"column":22}}},"2":{"name":"setFranklinDecentralizedMarketplaceMediationContract","line":167,"loc":{"start":{"line":167,"column":4},"end":{"line":167,"column":128}}},"3":{"name":"sellerIsWillingToSellItemsViaMediator","line":181,"loc":{"start":{"line":181,"column":4},"end":{"line":181,"column":101}}},"4":{"name":"setSellerWillingToSellItemsViaMediator","line":190,"loc":{"start":{"line":190,"column":4},"end":{"line":190,"column":70}}},"5":{"name":"addOrUpdateSellerDescription","line":201,"loc":{"start":{"line":201,"column":4},"end":{"line":201,"column":85}}},"6":{"name":"getSellerIpfsHashDescription","line":211,"loc":{"start":{"line":211,"column":4},"end":{"line":211,"column":101}}},"7":{"name":"_addSeller","line":218,"loc":{"start":{"line":218,"column":4},"end":{"line":218,"column":53}}},"8":{"name":"_removeSeller","line":246,"loc":{"start":{"line":246,"column":4},"end":{"line":246,"column":56}}},"9":{"name":"removeSeller","line":272,"loc":{"start":{"line":272,"column":4},"end":{"line":272,"column":34}}},"10":{"name":"getSellerAddress","line":301,"loc":{"start":{"line":301,"column":4},"end":{"line":301,"column":72}}},"11":{"name":"sellerExists","line":321,"loc":{"start":{"line":321,"column":4},"end":{"line":321,"column":76}}},"12":{"name":"getNumberOfSellers","line":326,"loc":{"start":{"line":326,"column":4},"end":{"line":326,"column":60}}},"13":{"name":"setPriceOfItem","line":341,"loc":{"start":{"line":341,"column":4},"end":{"line":341,"column":82}}},"14":{"name":"getPriceOfItem","line":359,"loc":{"start":{"line":359,"column":4},"end":{"line":359,"column":108}}},"15":{"name":"setQuantityAvailableForSaleOfAnItem","line":372,"loc":{"start":{"line":372,"column":4},"end":{"line":372,"column":101}}},"16":{"name":"setQuantityAvailableForSaleOfAnItem_v2","line":383,"loc":{"start":{"line":383,"column":4},"end":{"line":383,"column":128}}},"17":{"name":"getQuantityAvailableForSaleOfAnItemBySeller","line":401,"loc":{"start":{"line":401,"column":4},"end":{"line":401,"column":137}}},"18":{"name":"purchaseItemWithoutMediator","line":419,"loc":{"start":{"line":419,"column":4},"end":{"line":419,"column":133}}},"19":{"name":"addItemForSale","line":455,"loc":{"start":{"line":455,"column":4},"end":{"line":455,"column":64}}},"20":{"name":"removeItemForSale","line":491,"loc":{"start":{"line":491,"column":4},"end":{"line":491,"column":67}}},"21":{"name":"getNumberOfDifferentItemsBeingSoldBySeller","line":523,"loc":{"start":{"line":523,"column":4},"end":{"line":523,"column":106}}},"22":{"name":"itemForSaleFromSellerExists","line":536,"loc":{"start":{"line":536,"column":4},"end":{"line":536,"column":121}}},"23":{"name":"getItemForSale","line":553,"loc":{"start":{"line":553,"column":4},"end":{"line":553,"column":102}}}},"statementMap":{"1":{"start":{"line":164,"column":8},"end":{"line":164,"column":33}},"2":{"start":{"line":168,"column":8},"end":{"line":168,"column":102}},"3":{"start":{"line":169,"column":8},"end":{"line":169,"column":115}},"4":{"start":{"line":171,"column":8},"end":{"line":171,"column":148}},"5":{"start":{"line":172,"column":8},"end":{"line":172,"column":186}},"6":{"start":{"line":174,"column":8},"end":{"line":174,"column":34}},"7":{"start":{"line":175,"column":8},"end":{"line":175,"column":44}},"8":{"start":{"line":182,"column":8},"end":{"line":182,"column":66}},"9":{"start":{"line":191,"column":8},"end":{"line":191,"column":15589}},"10":{"start":{"line":192,"column":12},"end":{"line":192,"column":18}},"11":{"start":{"line":195,"column":8},"end":{"line":195,"column":62}},"12":{"start":{"line":202,"column":8},"end":{"line":202,"column":164}},"13":{"start":{"line":203,"column":8},"end":{"line":203,"column":171}},"14":{"start":{"line":205,"column":8},"end":{"line":205,"column":72}},"15":{"start":{"line":212,"column":8},"end":{"line":212,"column":58}},"16":{"start":{"line":219,"column":8},"end":{"line":219,"column":96}},"17":{"start":{"line":224,"column":8},"end":{"line":224,"column":17783}},"18":{"start":{"line":225,"column":12},"end":{"line":225,"column":18}},"19":{"start":{"line":229,"column":8},"end":{"line":229,"column":65}},"20":{"start":{"line":230,"column":8},"end":{"line":230,"column":86}},"21":{"start":{"line":233,"column":8},"end":{"line":233,"column":86}},"22":{"start":{"line":234,"column":8},"end":{"line":234,"column":65}},"23":{"start":{"line":236,"column":8},"end":{"line":236,"column":74}},"24":{"start":{"line":237,"column":8},"end":{"line":237,"column":45}},"25":{"start":{"line":247,"column":8},"end":{"line":247,"column":96}},"26":{"start":{"line":249,"column":8},"end":{"line":249,"column":19101}},"27":{"start":{"line":250,"column":12},"end":{"line":250,"column":18}},"28":{"start":{"line":254,"column":8},"end":{"line":254,"column":119}},"29":{"start":{"line":255,"column":8},"end":{"line":255,"column":119}},"30":{"start":{"line":261,"column":8},"end":{"line":261,"column":79}},"31":{"start":{"line":273,"column":8},"end":{"line":273,"column":109}},"32":{"start":{"line":276,"column":8},"end":{"line":276,"column":92}},"33":{"start":{"line":277,"column":8},"end":{"line":277,"column":20794}},"34":{"start":{"line":278,"column":12},"end":{"line":278,"column":77}},"35":{"start":{"line":279,"column":12},"end":{"line":279,"column":48}},"36":{"start":{"line":283,"column":8},"end":{"line":283,"column":21090}},"37":{"start":{"line":284,"column":12},"end":{"line":284,"column":45}},"38":{"start":{"line":302,"column":8},"end":{"line":302,"column":158}},"39":{"start":{"line":306,"column":8},"end":{"line":306,"column":25}},"40":{"start":{"line":307,"column":8},"end":{"line":307,"column":40}},"41":{"start":{"line":308,"column":8},"end":{"line":308,"column":22530}},"42":{"start":{"line":309,"column":12},"end":{"line":309,"column":41}},"43":{"start":{"line":310,"column":12},"end":{"line":310,"column":22607}},"44":{"start":{"line":317,"column":8},"end":{"line":317,"column":73}},"45":{"start":{"line":322,"column":8},"end":{"line":322,"column":46}},"46":{"start":{"line":327,"column":8},"end":{"line":327,"column":30}},"47":{"start":{"line":342,"column":8},"end":{"line":342,"column":159}},"48":{"start":{"line":348,"column":8},"end":{"line":348,"column":151}},"49":{"start":{"line":349,"column":8},"end":{"line":349,"column":140}},"50":{"start":{"line":351,"column":8},"end":{"line":351,"column":70}},"51":{"start":{"line":360,"column":8},"end":{"line":360,"column":155}},"52":{"start":{"line":361,"column":8},"end":{"line":361,"column":142}},"53":{"start":{"line":363,"column":8},"end":{"line":363,"column":64}},"54":{"start":{"line":373,"column":8},"end":{"line":373,"column":159}},"55":{"start":{"line":375,"column":8},"end":{"line":375,"column":151}},"56":{"start":{"line":376,"column":8},"end":{"line":376,"column":140}},"57":{"start":{"line":378,"column":8},"end":{"line":378,"column":89}},"58":{"start":{"line":384,"column":8},"end":{"line":384,"column":123}},"59":{"start":{"line":385,"column":8},"end":{"line":385,"column":159}},"60":{"start":{"line":387,"column":8},"end":{"line":387,"column":155}},"61":{"start":{"line":388,"column":8},"end":{"line":388,"column":140}},"62":{"start":{"line":390,"column":8},"end":{"line":390,"column":154}},"63":{"start":{"line":392,"column":8},"end":{"line":392,"column":89}},"64":{"start":{"line":402,"column":8},"end":{"line":402,"column":155}},"65":{"start":{"line":403,"column":8},"end":{"line":403,"column":142}},"66":{"start":{"line":405,"column":8},"end":{"line":405,"column":85}},"67":{"start":{"line":420,"column":8},"end":{"line":420,"column":98}},"68":{"start":{"line":421,"column":8},"end":{"line":421,"column":170}},"69":{"start":{"line":422,"column":8},"end":{"line":422,"column":107}},"70":{"start":{"line":424,"column":8},"end":{"line":424,"column":99}},"71":{"start":{"line":426,"column":8},"end":{"line":426,"column":155}},"72":{"start":{"line":427,"column":8},"end":{"line":427,"column":142}},"73":{"start":{"line":429,"column":8},"end":{"line":429,"column":173}},"74":{"start":{"line":430,"column":8},"end":{"line":430,"column":31615}},"75":{"start":{"line":433,"column":8},"end":{"line":433,"column":166}},"76":{"start":{"line":435,"column":8},"end":{"line":435,"column":144}},"77":{"start":{"line":436,"column":8},"end":{"line":436,"column":136}},"78":{"start":{"line":439,"column":8},"end":{"line":439,"column":32485}},"79":{"start":{"line":443,"column":8},"end":{"line":443,"column":72}},"80":{"start":{"line":446,"column":8},"end":{"line":446,"column":64}},"81":{"start":{"line":448,"column":8},"end":{"line":448,"column":102}},"82":{"start":{"line":456,"column":8},"end":{"line":456,"column":159}},"83":{"start":{"line":458,"column":8},"end":{"line":458,"column":151}},"84":{"start":{"line":461,"column":8},"end":{"line":461,"column":34137}},"85":{"start":{"line":462,"column":12},"end":{"line":462,"column":18}},"86":{"start":{"line":466,"column":8},"end":{"line":466,"column":133}},"87":{"start":{"line":469,"column":8},"end":{"line":469,"column":75}},"88":{"start":{"line":470,"column":8},"end":{"line":470,"column":112}},"89":{"start":{"line":473,"column":8},"end":{"line":473,"column":112}},"90":{"start":{"line":474,"column":8},"end":{"line":474,"column":75}},"91":{"start":{"line":476,"column":8},"end":{"line":476,"column":152}},"92":{"start":{"line":477,"column":8},"end":{"line":477,"column":62}},"93":{"start":{"line":479,"column":8},"end":{"line":479,"column":29}},"94":{"start":{"line":481,"column":8},"end":{"line":481,"column":74}},"95":{"start":{"line":492,"column":8},"end":{"line":492,"column":151}},"96":{"start":{"line":494,"column":8},"end":{"line":494,"column":36179}},"97":{"start":{"line":495,"column":12},"end":{"line":495,"column":18}},"98":{"start":{"line":499,"column":8},"end":{"line":499,"column":133}},"99":{"start":{"line":502,"column":8},"end":{"line":502,"column":155}},"100":{"start":{"line":503,"column":8},"end":{"line":503,"column":155}},"101":{"start":{"line":509,"column":8},"end":{"line":509,"column":157}},"102":{"start":{"line":514,"column":8},"end":{"line":514,"column":37474}},"103":{"start":{"line":515,"column":12},"end":{"line":515,"column":36}},"104":{"start":{"line":518,"column":8},"end":{"line":518,"column":77}},"105":{"start":{"line":524,"column":8},"end":{"line":524,"column":73}},"106":{"start":{"line":537,"column":8},"end":{"line":537,"column":155}},"107":{"start":{"line":538,"column":8},"end":{"line":538,"column":63}},"108":{"start":{"line":554,"column":8},"end":{"line":554,"column":39868}},"109":{"start":{"line":555,"column":12},"end":{"line":555,"column":31}},"110":{"start":{"line":559,"column":8},"end":{"line":559,"column":137}},"111":{"start":{"line":561,"column":8},"end":{"line":561,"column":25}},"112":{"start":{"line":562,"column":8},"end":{"line":562,"column":54}},"113":{"start":{"line":563,"column":8},"end":{"line":563,"column":40368}},"114":{"start":{"line":564,"column":12},"end":{"line":564,"column":85}},"115":{"start":{"line":565,"column":12},"end":{"line":565,"column":40489}},"116":{"start":{"line":572,"column":8},"end":{"line":572,"column":32}}},"branchMap":{"1":{"line":168,"type":"if","locations":[{"start":{"line":168,"column":8},"end":{"line":168,"column":8}},{"start":{"line":168,"column":8},"end":{"line":168,"column":8}}]},"2":{"line":169,"type":"if","locations":[{"start":{"line":169,"column":8},"end":{"line":169,"column":8}},{"start":{"line":169,"column":8},"end":{"line":169,"column":8}}]},"3":{"line":172,"type":"if","locations":[{"start":{"line":172,"column":8},"end":{"line":172,"column":8}},{"start":{"line":172,"column":8},"end":{"line":172,"column":8}}]},"4":{"line":191,"type":"if","locations":[{"start":{"line":191,"column":8},"end":{"line":191,"column":8}},{"start":{"line":191,"column":8},"end":{"line":191,"column":8}}]},"5":{"line":202,"type":"if","locations":[{"start":{"line":202,"column":8},"end":{"line":202,"column":8}},{"start":{"line":202,"column":8},"end":{"line":202,"column":8}}]},"6":{"line":203,"type":"if","locations":[{"start":{"line":203,"column":8},"end":{"line":203,"column":8}},{"start":{"line":203,"column":8},"end":{"line":203,"column":8}}]},"7":{"line":224,"type":"if","locations":[{"start":{"line":224,"column":8},"end":{"line":224,"column":8}},{"start":{"line":224,"column":8},"end":{"line":224,"column":8}}]},"8":{"line":249,"type":"if","locations":[{"start":{"line":249,"column":8},"end":{"line":249,"column":8}},{"start":{"line":249,"column":8},"end":{"line":249,"column":8}}]},"9":{"line":302,"type":"if","locations":[{"start":{"line":302,"column":8},"end":{"line":302,"column":8}},{"start":{"line":302,"column":8},"end":{"line":302,"column":8}}]},"10":{"line":310,"type":"if","locations":[{"start":{"line":310,"column":12},"end":{"line":310,"column":12}},{"start":{"line":310,"column":12},"end":{"line":310,"column":12}}]},"11":{"line":342,"type":"if","locations":[{"start":{"line":342,"column":8},"end":{"line":342,"column":8}},{"start":{"line":342,"column":8},"end":{"line":342,"column":8}}]},"12":{"line":349,"type":"if","locations":[{"start":{"line":349,"column":8},"end":{"line":349,"column":8}},{"start":{"line":349,"column":8},"end":{"line":349,"column":8}}]},"13":{"line":361,"type":"if","locations":[{"start":{"line":361,"column":8},"end":{"line":361,"column":8}},{"start":{"line":361,"column":8},"end":{"line":361,"column":8}}]},"14":{"line":373,"type":"if","locations":[{"start":{"line":373,"column":8},"end":{"line":373,"column":8}},{"start":{"line":373,"column":8},"end":{"line":373,"column":8}}]},"15":{"line":376,"type":"if","locations":[{"start":{"line":376,"column":8},"end":{"line":376,"column":8}},{"start":{"line":376,"column":8},"end":{"line":376,"column":8}}]},"16":{"line":384,"type":"if","locations":[{"start":{"line":384,"column":8},"end":{"line":384,"column":8}},{"start":{"line":384,"column":8},"end":{"line":384,"column":8}}]},"17":{"line":385,"type":"if","locations":[{"start":{"line":385,"column":8},"end":{"line":385,"column":8}},{"start":{"line":385,"column":8},"end":{"line":385,"column":8}}]},"18":{"line":388,"type":"if","locations":[{"start":{"line":388,"column":8},"end":{"line":388,"column":8}},{"start":{"line":388,"column":8},"end":{"line":388,"column":8}}]},"19":{"line":390,"type":"if","locations":[{"start":{"line":390,"column":8},"end":{"line":390,"column":8}},{"start":{"line":390,"column":8},"end":{"line":390,"column":8}}]},"20":{"line":403,"type":"if","locations":[{"start":{"line":403,"column":8},"end":{"line":403,"column":8}},{"start":{"line":403,"column":8},"end":{"line":403,"column":8}}]},"21":{"line":420,"type":"if","locations":[{"start":{"line":420,"column":8},"end":{"line":420,"column":8}},{"start":{"line":420,"column":8},"end":{"line":420,"column":8}}]},"22":{"line":421,"type":"if","locations":[{"start":{"line":421,"column":8},"end":{"line":421,"column":8}},{"start":{"line":421,"column":8},"end":{"line":421,"column":8}}]},"23":{"line":422,"type":"if","locations":[{"start":{"line":422,"column":8},"end":{"line":422,"column":8}},{"start":{"line":422,"column":8},"end":{"line":422,"column":8}}]},"24":{"line":424,"type":"if","locations":[{"start":{"line":424,"column":8},"end":{"line":424,"column":8}},{"start":{"line":424,"column":8},"end":{"line":424,"column":8}}]},"25":{"line":427,"type":"if","locations":[{"start":{"line":427,"column":8},"end":{"line":427,"column":8}},{"start":{"line":427,"column":8},"end":{"line":427,"column":8}}]},"26":{"line":429,"type":"if","locations":[{"start":{"line":429,"column":8},"end":{"line":429,"column":8}},{"start":{"line":429,"column":8},"end":{"line":429,"column":8}}]},"27":{"line":430,"type":"if","locations":[{"start":{"line":430,"column":8},"end":{"line":430,"column":8}},{"start":{"line":430,"column":8},"end":{"line":430,"column":8}}]},"28":{"line":433,"type":"if","locations":[{"start":{"line":433,"column":8},"end":{"line":433,"column":8}},{"start":{"line":433,"column":8},"end":{"line":433,"column":8}}]},"29":{"line":436,"type":"if","locations":[{"start":{"line":436,"column":8},"end":{"line":436,"column":8}},{"start":{"line":436,"column":8},"end":{"line":436,"column":8}}]},"30":{"line":456,"type":"if","locations":[{"start":{"line":456,"column":8},"end":{"line":456,"column":8}},{"start":{"line":456,"column":8},"end":{"line":456,"column":8}}]},"31":{"line":461,"type":"if","locations":[{"start":{"line":461,"column":8},"end":{"line":461,"column":8}},{"start":{"line":461,"column":8},"end":{"line":461,"column":8}}]},"32":{"line":494,"type":"if","locations":[{"start":{"line":494,"column":8},"end":{"line":494,"column":8}},{"start":{"line":494,"column":8},"end":{"line":494,"column":8}}]},"33":{"line":514,"type":"if","locations":[{"start":{"line":514,"column":8},"end":{"line":514,"column":8}},{"start":{"line":514,"column":8},"end":{"line":514,"column":8}}]},"34":{"line":554,"type":"if","locations":[{"start":{"line":554,"column":8},"end":{"line":554,"column":8}},{"start":{"line":554,"column":8},"end":{"line":554,"column":8}}]},"35":{"line":565,"type":"if","locations":[{"start":{"line":565,"column":12},"end":{"line":565,"column":12}},{"start":{"line":565,"column":12},"end":{"line":565,"column":12}}]}}}}