{"contracts/FranklinDecentralizedMarketplace.sol":{"l":{"159":5,"165":1,"166":1,"169":1,"174":3,"180":0,"187":0,"196":0,"197":0,"200":0,"206":0,"207":0,"209":0,"215":0,"222":589,"227":589,"228":530,"232":59,"233":59,"236":59,"237":59,"239":59,"240":59,"250":0,"252":0,"253":0,"257":0,"258":0,"261":0,"262":0,"264":0,"265":0,"266":0,"276":0,"279":0,"280":0,"281":0,"282":0,"286":0,"287":0,"304":589,"308":589,"309":589,"310":589,"311":589,"312":589,"313":589,"316":0,"319":589,"324":589,"329":0,"344":0,"350":0,"351":0,"353":0,"361":0,"363":0,"364":0,"366":0,"376":0,"378":0,"379":0,"381":0,"390":0,"391":0,"406":0,"407":0,"408":0,"410":0,"412":0,"413":0,"415":0,"416":0,"419":0,"421":0,"422":0,"425":0,"429":0,"432":0,"459":0,"460":0,"461":0,"463":0,"465":0,"466":0,"468":0,"469":0,"472":0,"474":0,"475":0,"478":0,"479":0,"480":0,"514":0,"523":0,"527":0,"531":0,"532":0,"540":589,"542":589,"545":589,"546":0,"550":589,"553":589,"554":589,"557":589,"558":589,"560":589,"561":589,"563":589,"574":0,"576":0,"577":0,"581":0,"584":0,"585":0,"588":0,"589":0,"591":0,"592":0,"593":0,"594":0,"596":0,"597":0,"604":0,"620":589,"621":0,"625":589,"627":589,"628":589,"629":589,"630":589,"631":589,"632":589,"635":0,"638":589,"651":589,"652":589},"path":"/mnt/d/Kingsland-University-Decentralized-Marketplace-Decentralized-Application-Project-2019/contracts/FranklinDecentralizedMarketplace.sol","s":{"1":5,"2":1,"3":1,"4":1,"5":3,"6":0,"7":0,"8":0,"9":0,"10":0,"11":0,"12":0,"13":0,"14":0,"15":589,"16":589,"17":530,"18":59,"19":59,"20":59,"21":59,"22":59,"23":59,"24":0,"25":0,"26":0,"27":0,"28":0,"29":0,"30":0,"31":0,"32":0,"33":0,"34":0,"35":0,"36":0,"37":589,"38":589,"39":589,"40":589,"41":589,"42":589,"43":589,"44":589,"45":0,"46":0,"47":0,"48":0,"49":0,"50":0,"51":0,"52":0,"53":0,"54":0,"55":0,"56":0,"57":0,"58":0,"59":0,"60":0,"61":0,"62":0,"63":0,"64":0,"65":0,"66":0,"67":0,"68":0,"69":0,"70":0,"71":0,"72":0,"73":0,"74":0,"75":0,"76":0,"77":0,"78":0,"79":0,"80":0,"81":0,"82":0,"83":0,"84":0,"85":0,"86":0,"87":0,"88":0,"89":0,"90":0,"91":0,"92":0,"93":589,"94":589,"95":589,"96":0,"97":589,"98":589,"99":589,"100":589,"101":589,"102":589,"103":589,"104":589,"105":0,"106":0,"107":0,"108":0,"109":0,"110":0,"111":0,"112":0,"113":0,"114":0,"115":589,"116":0,"117":589,"118":589,"119":589,"120":589,"121":589,"122":589,"123":589,"124":589,"125":589},"b":{"1":[1,0],"2":[0,0],"3":[0,0],"4":[0,0],"5":[530,59],"6":[0,0],"7":[589,0],"8":[589,0],"9":[0,0],"10":[0,0],"11":[0,0],"12":[0,0],"13":[0,0],"14":[0,0],"15":[0,0],"16":[0,0],"17":[0,0],"18":[0,0],"19":[0,0],"20":[0,0],"21":[0,0],"22":[0,0],"23":[0,0],"24":[0,0],"25":[0,0],"26":[0,0],"27":[0,0],"28":[0,0],"29":[0,0],"30":[0,0],"31":[0,0],"32":[0,0],"33":[0,0],"34":[0,0],"35":[0,0],"36":[589,0],"37":[0,589],"38":[0,0],"39":[0,0],"40":[0,589],"41":[589,0]},"f":{"1":5,"2":1,"3":3,"4":0,"5":0,"6":0,"7":0,"8":0,"9":589,"10":0,"11":0,"12":589,"13":589,"14":0,"15":0,"16":0,"17":0,"18":0,"19":0,"20":0,"21":589,"22":0,"23":0,"24":589,"25":589},"fnMap":{"1":{"name":"constructor","line":158,"loc":{"start":{"line":158,"column":4},"end":{"line":158,"column":22}}},"2":{"name":"getContractOwnerOfFranklinDecentralizedMarketplaceMediation","line":164,"loc":{"start":{"line":164,"column":4},"end":{"line":164,"column":104}}},"3":{"name":"getFranklinDecentralizedMarketplaceMediationContractAddress","line":173,"loc":{"start":{"line":173,"column":4},"end":{"line":173,"column":104}}},"4":{"name":"getFranklinDecentralizedMarketplaceMediationContract","line":179,"loc":{"start":{"line":179,"column":4},"end":{"line":179,"column":131}}},"5":{"name":"sellerIsWillingToSellItemsViaMediator","line":186,"loc":{"start":{"line":186,"column":4},"end":{"line":186,"column":99}}},"6":{"name":"setSellerWillingToSellItemsViaMediator","line":195,"loc":{"start":{"line":195,"column":4},"end":{"line":195,"column":68}}},"7":{"name":"addOrUpdateSellerDescription","line":205,"loc":{"start":{"line":205,"column":4},"end":{"line":205,"column":85}}},"8":{"name":"getSellerIpfsHashDescription","line":214,"loc":{"start":{"line":214,"column":4},"end":{"line":214,"column":99}}},"9":{"name":"_addSeller","line":221,"loc":{"start":{"line":221,"column":4},"end":{"line":221,"column":53}}},"10":{"name":"_removeSeller","line":249,"loc":{"start":{"line":249,"column":4},"end":{"line":249,"column":56}}},"11":{"name":"removeSeller","line":275,"loc":{"start":{"line":275,"column":4},"end":{"line":275,"column":32}}},"12":{"name":"getSellerAddress","line":303,"loc":{"start":{"line":303,"column":4},"end":{"line":303,"column":70}}},"13":{"name":"sellerExists","line":323,"loc":{"start":{"line":323,"column":4},"end":{"line":323,"column":76}}},"14":{"name":"getNumberOfSellers","line":328,"loc":{"start":{"line":328,"column":4},"end":{"line":328,"column":60}}},"15":{"name":"setPriceOfItem","line":343,"loc":{"start":{"line":343,"column":4},"end":{"line":343,"column":82}}},"16":{"name":"getPriceOfItem","line":360,"loc":{"start":{"line":360,"column":4},"end":{"line":360,"column":108}}},"17":{"name":"setQuantityAvailableForSaleOfAnItem","line":375,"loc":{"start":{"line":375,"column":4},"end":{"line":375,"column":101}}},"18":{"name":"getQuantityAvailableForSaleOfAnItemBySeller","line":389,"loc":{"start":{"line":389,"column":4},"end":{"line":389,"column":137}}},"19":{"name":"purchaseItemWithoutMediator","line":405,"loc":{"start":{"line":405,"column":4},"end":{"line":405,"column":133}}},"20":{"name":"purchaseItemWithMediator","line":457,"loc":{"start":{"line":457,"column":4},"end":{"line":458,"column":97}}},"21":{"name":"addItemForSale","line":539,"loc":{"start":{"line":539,"column":4},"end":{"line":539,"column":64}}},"22":{"name":"removeItemForSale","line":573,"loc":{"start":{"line":573,"column":4},"end":{"line":573,"column":67}}},"23":{"name":"getNumberOfDifferentItemsBeingSoldBySeller","line":603,"loc":{"start":{"line":603,"column":4},"end":{"line":603,"column":104}}},"24":{"name":"getItemForSale","line":619,"loc":{"start":{"line":619,"column":4},"end":{"line":619,"column":102}}},"25":{"name":"itemForSaleFromSellerExists","line":650,"loc":{"start":{"line":650,"column":4},"end":{"line":650,"column":121}}}},"statementMap":{"1":{"start":{"line":159,"column":8},"end":{"line":159,"column":77}},"2":{"start":{"line":165,"column":8},"end":{"line":165,"column":127}},"3":{"start":{"line":166,"column":8},"end":{"line":166,"column":14495}},"4":{"start":{"line":169,"column":8},"end":{"line":169,"column":50}},"5":{"start":{"line":174,"column":8},"end":{"line":174,"column":44}},"6":{"start":{"line":180,"column":8},"end":{"line":180,"column":35}},"7":{"start":{"line":187,"column":8},"end":{"line":187,"column":66}},"8":{"start":{"line":196,"column":8},"end":{"line":196,"column":16667}},"9":{"start":{"line":197,"column":12},"end":{"line":197,"column":18}},"10":{"start":{"line":200,"column":8},"end":{"line":200,"column":62}},"11":{"start":{"line":206,"column":8},"end":{"line":206,"column":164}},"12":{"start":{"line":207,"column":8},"end":{"line":207,"column":171}},"13":{"start":{"line":209,"column":8},"end":{"line":209,"column":72}},"14":{"start":{"line":215,"column":8},"end":{"line":215,"column":58}},"15":{"start":{"line":222,"column":8},"end":{"line":222,"column":96}},"16":{"start":{"line":227,"column":8},"end":{"line":227,"column":18689}},"17":{"start":{"line":228,"column":12},"end":{"line":228,"column":18}},"18":{"start":{"line":232,"column":8},"end":{"line":232,"column":65}},"19":{"start":{"line":233,"column":8},"end":{"line":233,"column":86}},"20":{"start":{"line":236,"column":8},"end":{"line":236,"column":86}},"21":{"start":{"line":237,"column":8},"end":{"line":237,"column":65}},"22":{"start":{"line":239,"column":8},"end":{"line":239,"column":74}},"23":{"start":{"line":240,"column":8},"end":{"line":240,"column":45}},"24":{"start":{"line":250,"column":8},"end":{"line":250,"column":96}},"25":{"start":{"line":252,"column":8},"end":{"line":252,"column":20007}},"26":{"start":{"line":253,"column":12},"end":{"line":253,"column":18}},"27":{"start":{"line":257,"column":8},"end":{"line":257,"column":119}},"28":{"start":{"line":258,"column":8},"end":{"line":258,"column":119}},"29":{"start":{"line":264,"column":8},"end":{"line":264,"column":79}},"30":{"start":{"line":276,"column":8},"end":{"line":276,"column":109}},"31":{"start":{"line":279,"column":8},"end":{"line":279,"column":92}},"32":{"start":{"line":280,"column":8},"end":{"line":280,"column":21698}},"33":{"start":{"line":281,"column":12},"end":{"line":281,"column":77}},"34":{"start":{"line":282,"column":12},"end":{"line":282,"column":48}},"35":{"start":{"line":286,"column":8},"end":{"line":286,"column":21994}},"36":{"start":{"line":287,"column":12},"end":{"line":287,"column":45}},"37":{"start":{"line":304,"column":8},"end":{"line":304,"column":158}},"38":{"start":{"line":308,"column":8},"end":{"line":308,"column":25}},"39":{"start":{"line":309,"column":8},"end":{"line":309,"column":40}},"40":{"start":{"line":310,"column":8},"end":{"line":310,"column":23378}},"41":{"start":{"line":311,"column":12},"end":{"line":311,"column":41}},"42":{"start":{"line":312,"column":12},"end":{"line":312,"column":23455}},"43":{"start":{"line":319,"column":8},"end":{"line":319,"column":73}},"44":{"start":{"line":324,"column":8},"end":{"line":324,"column":46}},"45":{"start":{"line":329,"column":8},"end":{"line":329,"column":30}},"46":{"start":{"line":344,"column":8},"end":{"line":344,"column":159}},"47":{"start":{"line":350,"column":8},"end":{"line":350,"column":151}},"48":{"start":{"line":351,"column":8},"end":{"line":351,"column":147}},"49":{"start":{"line":353,"column":8},"end":{"line":353,"column":70}},"50":{"start":{"line":361,"column":8},"end":{"line":361,"column":151}},"51":{"start":{"line":363,"column":8},"end":{"line":363,"column":155}},"52":{"start":{"line":364,"column":8},"end":{"line":364,"column":142}},"53":{"start":{"line":366,"column":8},"end":{"line":366,"column":64}},"54":{"start":{"line":376,"column":8},"end":{"line":376,"column":159}},"55":{"start":{"line":378,"column":8},"end":{"line":378,"column":151}},"56":{"start":{"line":379,"column":8},"end":{"line":379,"column":146}},"57":{"start":{"line":381,"column":8},"end":{"line":381,"column":89}},"58":{"start":{"line":390,"column":8},"end":{"line":390,"column":155}},"59":{"start":{"line":391,"column":8},"end":{"line":391,"column":85}},"60":{"start":{"line":406,"column":8},"end":{"line":406,"column":98}},"61":{"start":{"line":407,"column":8},"end":{"line":407,"column":170}},"62":{"start":{"line":408,"column":8},"end":{"line":408,"column":107}},"63":{"start":{"line":410,"column":8},"end":{"line":410,"column":99}},"64":{"start":{"line":412,"column":8},"end":{"line":412,"column":151}},"65":{"start":{"line":413,"column":8},"end":{"line":413,"column":142}},"66":{"start":{"line":415,"column":8},"end":{"line":415,"column":173}},"67":{"start":{"line":416,"column":8},"end":{"line":416,"column":31073}},"68":{"start":{"line":419,"column":8},"end":{"line":419,"column":166}},"69":{"start":{"line":421,"column":8},"end":{"line":421,"column":144}},"70":{"start":{"line":422,"column":8},"end":{"line":422,"column":136}},"71":{"start":{"line":425,"column":8},"end":{"line":425,"column":31943}},"72":{"start":{"line":429,"column":8},"end":{"line":429,"column":72}},"73":{"start":{"line":432,"column":8},"end":{"line":432,"column":64}},"74":{"start":{"line":459,"column":8},"end":{"line":459,"column":98}},"75":{"start":{"line":460,"column":8},"end":{"line":460,"column":170}},"76":{"start":{"line":461,"column":8},"end":{"line":461,"column":191}},"77":{"start":{"line":463,"column":8},"end":{"line":463,"column":99}},"78":{"start":{"line":465,"column":8},"end":{"line":465,"column":151}},"79":{"start":{"line":466,"column":8},"end":{"line":466,"column":142}},"80":{"start":{"line":468,"column":8},"end":{"line":468,"column":173}},"81":{"start":{"line":469,"column":8},"end":{"line":469,"column":36250}},"82":{"start":{"line":472,"column":8},"end":{"line":472,"column":166}},"83":{"start":{"line":474,"column":8},"end":{"line":474,"column":144}},"84":{"start":{"line":475,"column":8},"end":{"line":475,"column":140}},"85":{"start":{"line":478,"column":8},"end":{"line":478,"column":107}},"86":{"start":{"line":479,"column":8},"end":{"line":479,"column":111}},"87":{"start":{"line":480,"column":8},"end":{"line":480,"column":116}},"88":{"start":{"line":514,"column":8},"end":{"line":514,"column":167}},"89":{"start":{"line":523,"column":8},"end":{"line":523,"column":41892}},"90":{"start":{"line":527,"column":8},"end":{"line":527,"column":107}},"91":{"start":{"line":531,"column":8},"end":{"line":531,"column":133}},"92":{"start":{"line":532,"column":8},"end":{"line":532,"column":77}},"93":{"start":{"line":540,"column":8},"end":{"line":540,"column":159}},"94":{"start":{"line":542,"column":8},"end":{"line":542,"column":151}},"95":{"start":{"line":545,"column":8},"end":{"line":545,"column":43817}},"96":{"start":{"line":546,"column":12},"end":{"line":546,"column":18}},"97":{"start":{"line":550,"column":8},"end":{"line":550,"column":133}},"98":{"start":{"line":553,"column":8},"end":{"line":553,"column":75}},"99":{"start":{"line":554,"column":8},"end":{"line":554,"column":112}},"100":{"start":{"line":557,"column":8},"end":{"line":557,"column":112}},"101":{"start":{"line":558,"column":8},"end":{"line":558,"column":75}},"102":{"start":{"line":560,"column":8},"end":{"line":560,"column":152}},"103":{"start":{"line":561,"column":8},"end":{"line":561,"column":62}},"104":{"start":{"line":563,"column":8},"end":{"line":563,"column":29}},"105":{"start":{"line":574,"column":8},"end":{"line":574,"column":151}},"106":{"start":{"line":576,"column":8},"end":{"line":576,"column":45772}},"107":{"start":{"line":577,"column":12},"end":{"line":577,"column":18}},"108":{"start":{"line":581,"column":8},"end":{"line":581,"column":133}},"109":{"start":{"line":584,"column":8},"end":{"line":584,"column":155}},"110":{"start":{"line":585,"column":8},"end":{"line":585,"column":155}},"111":{"start":{"line":591,"column":8},"end":{"line":591,"column":157}},"112":{"start":{"line":596,"column":8},"end":{"line":596,"column":47067}},"113":{"start":{"line":597,"column":12},"end":{"line":597,"column":36}},"114":{"start":{"line":604,"column":8},"end":{"line":604,"column":73}},"115":{"start":{"line":620,"column":8},"end":{"line":620,"column":48454}},"116":{"start":{"line":621,"column":12},"end":{"line":621,"column":31}},"117":{"start":{"line":625,"column":8},"end":{"line":625,"column":137}},"118":{"start":{"line":627,"column":8},"end":{"line":627,"column":25}},"119":{"start":{"line":628,"column":8},"end":{"line":628,"column":54}},"120":{"start":{"line":629,"column":8},"end":{"line":629,"column":48954}},"121":{"start":{"line":630,"column":12},"end":{"line":630,"column":85}},"122":{"start":{"line":631,"column":12},"end":{"line":631,"column":49075}},"123":{"start":{"line":638,"column":8},"end":{"line":638,"column":32}},"124":{"start":{"line":651,"column":8},"end":{"line":651,"column":155}},"125":{"start":{"line":652,"column":8},"end":{"line":652,"column":63}}},"branchMap":{"1":{"line":166,"type":"if","locations":[{"start":{"line":166,"column":8},"end":{"line":166,"column":8}},{"start":{"line":166,"column":8},"end":{"line":166,"column":8}}]},"2":{"line":196,"type":"if","locations":[{"start":{"line":196,"column":8},"end":{"line":196,"column":8}},{"start":{"line":196,"column":8},"end":{"line":196,"column":8}}]},"3":{"line":206,"type":"if","locations":[{"start":{"line":206,"column":8},"end":{"line":206,"column":8}},{"start":{"line":206,"column":8},"end":{"line":206,"column":8}}]},"4":{"line":207,"type":"if","locations":[{"start":{"line":207,"column":8},"end":{"line":207,"column":8}},{"start":{"line":207,"column":8},"end":{"line":207,"column":8}}]},"5":{"line":227,"type":"if","locations":[{"start":{"line":227,"column":8},"end":{"line":227,"column":8}},{"start":{"line":227,"column":8},"end":{"line":227,"column":8}}]},"6":{"line":252,"type":"if","locations":[{"start":{"line":252,"column":8},"end":{"line":252,"column":8}},{"start":{"line":252,"column":8},"end":{"line":252,"column":8}}]},"7":{"line":304,"type":"if","locations":[{"start":{"line":304,"column":8},"end":{"line":304,"column":8}},{"start":{"line":304,"column":8},"end":{"line":304,"column":8}}]},"8":{"line":312,"type":"if","locations":[{"start":{"line":312,"column":12},"end":{"line":312,"column":12}},{"start":{"line":312,"column":12},"end":{"line":312,"column":12}}]},"9":{"line":344,"type":"if","locations":[{"start":{"line":344,"column":8},"end":{"line":344,"column":8}},{"start":{"line":344,"column":8},"end":{"line":344,"column":8}}]},"10":{"line":351,"type":"if","locations":[{"start":{"line":351,"column":8},"end":{"line":351,"column":8}},{"start":{"line":351,"column":8},"end":{"line":351,"column":8}}]},"11":{"line":361,"type":"if","locations":[{"start":{"line":361,"column":8},"end":{"line":361,"column":8}},{"start":{"line":361,"column":8},"end":{"line":361,"column":8}}]},"12":{"line":364,"type":"if","locations":[{"start":{"line":364,"column":8},"end":{"line":364,"column":8}},{"start":{"line":364,"column":8},"end":{"line":364,"column":8}}]},"13":{"line":376,"type":"if","locations":[{"start":{"line":376,"column":8},"end":{"line":376,"column":8}},{"start":{"line":376,"column":8},"end":{"line":376,"column":8}}]},"14":{"line":379,"type":"if","locations":[{"start":{"line":379,"column":8},"end":{"line":379,"column":8}},{"start":{"line":379,"column":8},"end":{"line":379,"column":8}}]},"15":{"line":406,"type":"if","locations":[{"start":{"line":406,"column":8},"end":{"line":406,"column":8}},{"start":{"line":406,"column":8},"end":{"line":406,"column":8}}]},"16":{"line":407,"type":"if","locations":[{"start":{"line":407,"column":8},"end":{"line":407,"column":8}},{"start":{"line":407,"column":8},"end":{"line":407,"column":8}}]},"17":{"line":408,"type":"if","locations":[{"start":{"line":408,"column":8},"end":{"line":408,"column":8}},{"start":{"line":408,"column":8},"end":{"line":408,"column":8}}]},"18":{"line":410,"type":"if","locations":[{"start":{"line":410,"column":8},"end":{"line":410,"column":8}},{"start":{"line":410,"column":8},"end":{"line":410,"column":8}}]},"19":{"line":413,"type":"if","locations":[{"start":{"line":413,"column":8},"end":{"line":413,"column":8}},{"start":{"line":413,"column":8},"end":{"line":413,"column":8}}]},"20":{"line":415,"type":"if","locations":[{"start":{"line":415,"column":8},"end":{"line":415,"column":8}},{"start":{"line":415,"column":8},"end":{"line":415,"column":8}}]},"21":{"line":416,"type":"if","locations":[{"start":{"line":416,"column":8},"end":{"line":416,"column":8}},{"start":{"line":416,"column":8},"end":{"line":416,"column":8}}]},"22":{"line":419,"type":"if","locations":[{"start":{"line":419,"column":8},"end":{"line":419,"column":8}},{"start":{"line":419,"column":8},"end":{"line":419,"column":8}}]},"23":{"line":422,"type":"if","locations":[{"start":{"line":422,"column":8},"end":{"line":422,"column":8}},{"start":{"line":422,"column":8},"end":{"line":422,"column":8}}]},"24":{"line":459,"type":"if","locations":[{"start":{"line":459,"column":8},"end":{"line":459,"column":8}},{"start":{"line":459,"column":8},"end":{"line":459,"column":8}}]},"25":{"line":460,"type":"if","locations":[{"start":{"line":460,"column":8},"end":{"line":460,"column":8}},{"start":{"line":460,"column":8},"end":{"line":460,"column":8}}]},"26":{"line":461,"type":"if","locations":[{"start":{"line":461,"column":8},"end":{"line":461,"column":8}},{"start":{"line":461,"column":8},"end":{"line":461,"column":8}}]},"27":{"line":463,"type":"if","locations":[{"start":{"line":463,"column":8},"end":{"line":463,"column":8}},{"start":{"line":463,"column":8},"end":{"line":463,"column":8}}]},"28":{"line":466,"type":"if","locations":[{"start":{"line":466,"column":8},"end":{"line":466,"column":8}},{"start":{"line":466,"column":8},"end":{"line":466,"column":8}}]},"29":{"line":468,"type":"if","locations":[{"start":{"line":468,"column":8},"end":{"line":468,"column":8}},{"start":{"line":468,"column":8},"end":{"line":468,"column":8}}]},"30":{"line":469,"type":"if","locations":[{"start":{"line":469,"column":8},"end":{"line":469,"column":8}},{"start":{"line":469,"column":8},"end":{"line":469,"column":8}}]},"31":{"line":472,"type":"if","locations":[{"start":{"line":472,"column":8},"end":{"line":472,"column":8}},{"start":{"line":472,"column":8},"end":{"line":472,"column":8}}]},"32":{"line":475,"type":"if","locations":[{"start":{"line":475,"column":8},"end":{"line":475,"column":8}},{"start":{"line":475,"column":8},"end":{"line":475,"column":8}}]},"33":{"line":478,"type":"if","locations":[{"start":{"line":478,"column":8},"end":{"line":478,"column":8}},{"start":{"line":478,"column":8},"end":{"line":478,"column":8}}]},"34":{"line":479,"type":"if","locations":[{"start":{"line":479,"column":8},"end":{"line":479,"column":8}},{"start":{"line":479,"column":8},"end":{"line":479,"column":8}}]},"35":{"line":480,"type":"if","locations":[{"start":{"line":480,"column":8},"end":{"line":480,"column":8}},{"start":{"line":480,"column":8},"end":{"line":480,"column":8}}]},"36":{"line":540,"type":"if","locations":[{"start":{"line":540,"column":8},"end":{"line":540,"column":8}},{"start":{"line":540,"column":8},"end":{"line":540,"column":8}}]},"37":{"line":545,"type":"if","locations":[{"start":{"line":545,"column":8},"end":{"line":545,"column":8}},{"start":{"line":545,"column":8},"end":{"line":545,"column":8}}]},"38":{"line":576,"type":"if","locations":[{"start":{"line":576,"column":8},"end":{"line":576,"column":8}},{"start":{"line":576,"column":8},"end":{"line":576,"column":8}}]},"39":{"line":596,"type":"if","locations":[{"start":{"line":596,"column":8},"end":{"line":596,"column":8}},{"start":{"line":596,"column":8},"end":{"line":596,"column":8}}]},"40":{"line":620,"type":"if","locations":[{"start":{"line":620,"column":8},"end":{"line":620,"column":8}},{"start":{"line":620,"column":8},"end":{"line":620,"column":8}}]},"41":{"line":631,"type":"if","locations":[{"start":{"line":631,"column":12},"end":{"line":631,"column":12}},{"start":{"line":631,"column":12},"end":{"line":631,"column":12}}]}}},"contracts/FranklinDecentralizedMarketplaceMediation.sol":{"l":{"140":0,"141":0,"147":5,"153":1,"161":0,"162":0,"165":0,"168":0,"169":0,"172":0,"173":0,"175":0,"176":0,"183":0,"184":0,"186":0,"194":0,"195":0,"198":0,"201":0,"202":0,"205":0,"206":0,"208":0,"209":0,"219":0,"233":0,"237":0,"238":0,"239":0,"240":0,"241":0,"242":0,"245":0,"248":0,"253":0,"258":0,"264":0,"265":0,"266":0,"267":0,"271":0,"277":0,"278":0,"279":0,"280":0,"284":0,"295":0,"297":0,"300":0,"304":0,"307":0,"308":0,"309":0,"310":0,"316":0,"317":0,"318":0,"322":0,"323":0,"327":0,"328":0,"329":0,"330":0,"332":0,"333":0,"335":0,"336":0,"349":0,"351":0,"354":0,"358":0,"361":0,"362":0,"363":0,"364":0,"370":0,"371":0,"372":0,"376":0,"377":0,"381":0,"382":0,"384":0,"385":0,"392":0,"419":0,"421":0,"424":0,"425":0,"426":0,"427":0,"436":0,"438":0,"443":0,"444":0},"path":"/mnt/d/Kingsland-University-Decentralized-Marketplace-Decentralized-Application-Project-2019/contracts/FranklinDecentralizedMarketplaceMediation.sol","s":{"1":0,"2":5,"3":1,"4":0,"5":0,"6":0,"7":0,"8":0,"9":0,"10":0,"11":0,"12":0,"13":0,"14":0,"15":0,"16":0,"17":0,"18":0,"19":0,"20":0,"21":0,"22":0,"23":0,"24":0,"25":0,"26":0,"27":0,"28":0,"29":0,"30":0,"31":0,"32":0,"33":0,"34":0,"35":0,"36":0,"37":0,"38":0,"39":0,"40":0,"41":0,"42":0,"43":0,"44":0,"45":0,"46":0,"47":0,"48":0,"49":0,"50":0,"51":0,"52":0,"53":0,"54":0,"55":0,"56":0,"57":0,"58":0,"59":0,"60":0,"61":0,"62":0,"63":0,"64":0,"65":0,"66":0,"67":0,"68":0,"69":0,"70":0,"71":0,"72":0,"73":0,"74":0,"75":0,"76":0,"77":0,"78":0,"79":0,"80":0,"81":0,"82":0,"83":0,"84":0,"85":0,"86":0,"87":0,"88":0},"b":{"1":[0,0],"2":[0,0],"3":[0,0],"4":[0,0],"5":[0,0],"6":[0,0],"7":[0,0],"8":[0,0],"9":[0,0],"10":[0,0],"11":[0,0],"12":[0,0],"13":[0,0],"14":[0,0],"15":[0,0],"16":[0,0],"17":[0,0],"18":[0,0],"19":[0,0],"20":[0,0],"21":[0,0],"22":[0,0],"23":[0,0]},"f":{"1":0,"2":5,"3":1,"4":0,"5":0,"6":0,"7":0,"8":0,"9":0,"10":0,"11":0,"12":0,"13":0,"14":0,"15":0,"16":0,"17":0},"fnMap":{"1":{"name":"onlyContractOwnerMayExecute","line":139,"loc":{"start":{"line":139,"column":4},"end":{"line":139,"column":38}}},"2":{"name":"constructor","line":146,"loc":{"start":{"line":146,"column":4},"end":{"line":146,"column":22}}},"3":{"name":"getFranklinDecentralizedMarketplaceContractAddress","line":152,"loc":{"start":{"line":152,"column":4},"end":{"line":152,"column":95}}},"4":{"name":"_addMediator","line":160,"loc":{"start":{"line":160,"column":4},"end":{"line":160,"column":57}}},"5":{"name":"addOrUpdateMediator","line":182,"loc":{"start":{"line":182,"column":4},"end":{"line":182,"column":81}}},"6":{"name":"_removeMediator","line":193,"loc":{"start":{"line":193,"column":4},"end":{"line":193,"column":60}}},"7":{"name":"removeMediator","line":218,"loc":{"start":{"line":218,"column":4},"end":{"line":218,"column":37}}},"8":{"name":"getMediatorAddress","line":232,"loc":{"start":{"line":232,"column":4},"end":{"line":232,"column":74}}},"9":{"name":"getNumberOfMediators","line":252,"loc":{"start":{"line":252,"column":4},"end":{"line":252,"column":62}}},"10":{"name":"mediatorExists","line":257,"loc":{"start":{"line":257,"column":4},"end":{"line":257,"column":80}}},"11":{"name":"_mediatedSalesTransactionHasBeenApproved","line":263,"loc":{"start":{"line":263,"column":4},"end":{"line":263,"column":128}}},"12":{"name":"_mediatedSalesTransactionHasBeenDisapproved","line":276,"loc":{"start":{"line":276,"column":4},"end":{"line":276,"column":131}}},"13":{"name":"approveMediatedSalesTransaction","line":294,"loc":{"start":{"line":294,"column":4},"end":{"line":294,"column":98}}},"14":{"name":"disapproveMediatedSalesTransaction","line":348,"loc":{"start":{"line":348,"column":4},"end":{"line":348,"column":101}}},"15":{"name":"getMediatorIpfsHashDescription","line":391,"loc":{"start":{"line":391,"column":4},"end":{"line":391,"column":105}}},"16":{"name":"purchaseItemWithMediator","line":417,"loc":{"start":{"line":417,"column":4},"end":{"line":418,"column":91}}},"17":{"name":"getNumberOfMediationsMediatorInvolved","line":442,"loc":{"start":{"line":442,"column":4},"end":{"line":442,"column":103}}}},"statementMap":{"1":{"start":{"line":140,"column":8},"end":{"line":140,"column":174}},"2":{"start":{"line":147,"column":8},"end":{"line":147,"column":67}},"3":{"start":{"line":153,"column":8},"end":{"line":153,"column":62}},"4":{"start":{"line":161,"column":8},"end":{"line":161,"column":11379}},"5":{"start":{"line":162,"column":12},"end":{"line":162,"column":18}},"6":{"start":{"line":165,"column":8},"end":{"line":165,"column":98}},"7":{"start":{"line":168,"column":8},"end":{"line":168,"column":67}},"8":{"start":{"line":169,"column":8},"end":{"line":169,"column":90}},"9":{"start":{"line":172,"column":8},"end":{"line":172,"column":90}},"10":{"start":{"line":173,"column":8},"end":{"line":173,"column":67}},"11":{"start":{"line":175,"column":8},"end":{"line":175,"column":78}},"12":{"start":{"line":176,"column":8},"end":{"line":176,"column":49}},"13":{"start":{"line":183,"column":8},"end":{"line":183,"column":178}},"14":{"start":{"line":184,"column":8},"end":{"line":184,"column":79}},"15":{"start":{"line":186,"column":8},"end":{"line":186,"column":31}},"16":{"start":{"line":194,"column":8},"end":{"line":194,"column":13435}},"17":{"start":{"line":195,"column":12},"end":{"line":195,"column":18}},"18":{"start":{"line":198,"column":8},"end":{"line":198,"column":98}},"19":{"start":{"line":201,"column":8},"end":{"line":201,"column":125}},"20":{"start":{"line":202,"column":8},"end":{"line":202,"column":125}},"21":{"start":{"line":208,"column":8},"end":{"line":208,"column":83}},"22":{"start":{"line":219,"column":8},"end":{"line":219,"column":34}},"23":{"start":{"line":233,"column":8},"end":{"line":233,"column":164}},"24":{"start":{"line":237,"column":8},"end":{"line":237,"column":25}},"25":{"start":{"line":238,"column":8},"end":{"line":238,"column":40}},"26":{"start":{"line":239,"column":8},"end":{"line":239,"column":16102}},"27":{"start":{"line":240,"column":12},"end":{"line":240,"column":43}},"28":{"start":{"line":241,"column":12},"end":{"line":241,"column":16181}},"29":{"start":{"line":248,"column":8},"end":{"line":248,"column":73}},"30":{"start":{"line":253,"column":8},"end":{"line":253,"column":32}},"31":{"start":{"line":258,"column":8},"end":{"line":258,"column":50}},"32":{"start":{"line":264,"column":8},"end":{"line":264,"column":34}},"33":{"start":{"line":265,"column":8},"end":{"line":265,"column":17231}},"34":{"start":{"line":266,"column":12},"end":{"line":266,"column":17279}},"35":{"start":{"line":271,"column":8},"end":{"line":271,"column":39}},"36":{"start":{"line":277,"column":8},"end":{"line":277,"column":37}},"37":{"start":{"line":278,"column":8},"end":{"line":278,"column":17905}},"38":{"start":{"line":279,"column":12},"end":{"line":279,"column":17953}},"39":{"start":{"line":284,"column":8},"end":{"line":284,"column":42}},"40":{"start":{"line":295,"column":8},"end":{"line":295,"column":143}},"41":{"start":{"line":297,"column":8},"end":{"line":297,"column":19126}},"42":{"start":{"line":300,"column":8},"end":{"line":300,"column":152}},"43":{"start":{"line":304,"column":8},"end":{"line":304,"column":19955}},"44":{"start":{"line":307,"column":8},"end":{"line":307,"column":43}},"45":{"start":{"line":308,"column":8},"end":{"line":308,"column":20122}},"46":{"start":{"line":309,"column":12},"end":{"line":309,"column":20170}},"47":{"start":{"line":310,"column":16},"end":{"line":310,"column":45}},"48":{"start":{"line":316,"column":8},"end":{"line":316,"column":20700}},"49":{"start":{"line":317,"column":12},"end":{"line":317,"column":122}},"50":{"start":{"line":318,"column":12},"end":{"line":318,"column":18}},"51":{"start":{"line":322,"column":8},"end":{"line":322,"column":118}},"52":{"start":{"line":323,"column":8},"end":{"line":323,"column":122}},"53":{"start":{"line":327,"column":8},"end":{"line":327,"column":21684}},"54":{"start":{"line":328,"column":12},"end":{"line":328,"column":101}},"55":{"start":{"line":329,"column":12},"end":{"line":329,"column":142}},"56":{"start":{"line":330,"column":12},"end":{"line":330,"column":122}},"57":{"start":{"line":332,"column":12},"end":{"line":332,"column":176}},"58":{"start":{"line":333,"column":12},"end":{"line":333,"column":180}},"59":{"start":{"line":335,"column":12},"end":{"line":335,"column":58}},"60":{"start":{"line":336,"column":12},"end":{"line":336,"column":62}},"61":{"start":{"line":349,"column":8},"end":{"line":349,"column":143}},"62":{"start":{"line":351,"column":8},"end":{"line":351,"column":23837}},"63":{"start":{"line":354,"column":8},"end":{"line":354,"column":158}},"64":{"start":{"line":358,"column":8},"end":{"line":358,"column":24736}},"65":{"start":{"line":361,"column":8},"end":{"line":361,"column":43}},"66":{"start":{"line":362,"column":8},"end":{"line":362,"column":24900}},"67":{"start":{"line":363,"column":12},"end":{"line":363,"column":24948}},"68":{"start":{"line":364,"column":16},"end":{"line":364,"column":45}},"69":{"start":{"line":370,"column":8},"end":{"line":370,"column":25410}},"70":{"start":{"line":371,"column":12},"end":{"line":371,"column":125}},"71":{"start":{"line":372,"column":12},"end":{"line":372,"column":18}},"72":{"start":{"line":376,"column":8},"end":{"line":376,"column":119}},"73":{"start":{"line":377,"column":8},"end":{"line":377,"column":121}},"74":{"start":{"line":381,"column":8},"end":{"line":381,"column":26363}},"75":{"start":{"line":382,"column":12},"end":{"line":382,"column":101}},"76":{"start":{"line":384,"column":12},"end":{"line":384,"column":174}},"77":{"start":{"line":385,"column":12},"end":{"line":385,"column":50}},"78":{"start":{"line":392,"column":8},"end":{"line":392,"column":62}},"79":{"start":{"line":419,"column":8},"end":{"line":419,"column":128}},"80":{"start":{"line":421,"column":8},"end":{"line":421,"column":107}},"81":{"start":{"line":424,"column":8},"end":{"line":424,"column":79}},"82":{"start":{"line":425,"column":8},"end":{"line":425,"column":104}},"83":{"start":{"line":426,"column":8},"end":{"line":426,"column":106}},"84":{"start":{"line":427,"column":8},"end":{"line":427,"column":110}},"85":{"start":{"line":436,"column":8},"end":{"line":436,"column":107}},"86":{"start":{"line":438,"column":8},"end":{"line":438,"column":148}},"87":{"start":{"line":443,"column":8},"end":{"line":443,"column":107}},"88":{"start":{"line":444,"column":8},"end":{"line":444,"column":67}}},"branchMap":{"1":{"line":140,"type":"if","locations":[{"start":{"line":140,"column":8},"end":{"line":140,"column":8}},{"start":{"line":140,"column":8},"end":{"line":140,"column":8}}]},"2":{"line":161,"type":"if","locations":[{"start":{"line":161,"column":8},"end":{"line":161,"column":8}},{"start":{"line":161,"column":8},"end":{"line":161,"column":8}}]},"3":{"line":183,"type":"if","locations":[{"start":{"line":183,"column":8},"end":{"line":183,"column":8}},{"start":{"line":183,"column":8},"end":{"line":183,"column":8}}]},"4":{"line":194,"type":"if","locations":[{"start":{"line":194,"column":8},"end":{"line":194,"column":8}},{"start":{"line":194,"column":8},"end":{"line":194,"column":8}}]},"5":{"line":233,"type":"if","locations":[{"start":{"line":233,"column":8},"end":{"line":233,"column":8}},{"start":{"line":233,"column":8},"end":{"line":233,"column":8}}]},"6":{"line":241,"type":"if","locations":[{"start":{"line":241,"column":12},"end":{"line":241,"column":12}},{"start":{"line":241,"column":12},"end":{"line":241,"column":12}}]},"7":{"line":266,"type":"if","locations":[{"start":{"line":266,"column":12},"end":{"line":266,"column":12}},{"start":{"line":266,"column":12},"end":{"line":266,"column":12}}]},"8":{"line":279,"type":"if","locations":[{"start":{"line":279,"column":12},"end":{"line":279,"column":12}},{"start":{"line":279,"column":12},"end":{"line":279,"column":12}}]},"9":{"line":295,"type":"if","locations":[{"start":{"line":295,"column":8},"end":{"line":295,"column":8}},{"start":{"line":295,"column":8},"end":{"line":295,"column":8}}]},"10":{"line":300,"type":"if","locations":[{"start":{"line":300,"column":8},"end":{"line":300,"column":8}},{"start":{"line":300,"column":8},"end":{"line":300,"column":8}}]},"11":{"line":304,"type":"if","locations":[{"start":{"line":304,"column":8},"end":{"line":304,"column":8}},{"start":{"line":304,"column":8},"end":{"line":304,"column":8}}]},"12":{"line":309,"type":"if","locations":[{"start":{"line":309,"column":12},"end":{"line":309,"column":12}},{"start":{"line":309,"column":12},"end":{"line":309,"column":12}}]},"13":{"line":316,"type":"if","locations":[{"start":{"line":316,"column":8},"end":{"line":316,"column":8}},{"start":{"line":316,"column":8},"end":{"line":316,"column":8}}]},"14":{"line":327,"type":"if","locations":[{"start":{"line":327,"column":8},"end":{"line":327,"column":8}},{"start":{"line":327,"column":8},"end":{"line":327,"column":8}}]},"15":{"line":349,"type":"if","locations":[{"start":{"line":349,"column":8},"end":{"line":349,"column":8}},{"start":{"line":349,"column":8},"end":{"line":349,"column":8}}]},"16":{"line":354,"type":"if","locations":[{"start":{"line":354,"column":8},"end":{"line":354,"column":8}},{"start":{"line":354,"column":8},"end":{"line":354,"column":8}}]},"17":{"line":358,"type":"if","locations":[{"start":{"line":358,"column":8},"end":{"line":358,"column":8}},{"start":{"line":358,"column":8},"end":{"line":358,"column":8}}]},"18":{"line":363,"type":"if","locations":[{"start":{"line":363,"column":12},"end":{"line":363,"column":12}},{"start":{"line":363,"column":12},"end":{"line":363,"column":12}}]},"19":{"line":370,"type":"if","locations":[{"start":{"line":370,"column":8},"end":{"line":370,"column":8}},{"start":{"line":370,"column":8},"end":{"line":370,"column":8}}]},"20":{"line":381,"type":"if","locations":[{"start":{"line":381,"column":8},"end":{"line":381,"column":8}},{"start":{"line":381,"column":8},"end":{"line":381,"column":8}}]},"21":{"line":419,"type":"if","locations":[{"start":{"line":419,"column":8},"end":{"line":419,"column":8}},{"start":{"line":419,"column":8},"end":{"line":419,"column":8}}]},"22":{"line":421,"type":"if","locations":[{"start":{"line":421,"column":8},"end":{"line":421,"column":8}},{"start":{"line":421,"column":8},"end":{"line":421,"column":8}}]},"23":{"line":443,"type":"if","locations":[{"start":{"line":443,"column":8},"end":{"line":443,"column":8}},{"start":{"line":443,"column":8},"end":{"line":443,"column":8}}]}}},"contracts/GeneralUtilities.sol":{"l":{"11":1178,"16":0,"17":0,"23":648,"24":648,"26":648,"32":0,"33":0,"35":0,"42":589,"49":1767,"50":1767,"52":1767,"53":1767,"54":1767,"55":1767,"56":35340,"57":35340,"59":1767,"67":589,"68":589,"69":589,"70":589,"72":589,"73":11780,"74":11780,"75":11780,"77":11780,"78":4400,"80":0,"82":7380,"85":11780,"86":4482,"88":0,"90":7298,"93":11780,"96":589,"102":0,"103":0,"104":0,"105":0,"111":0,"112":0,"115":0,"117":0,"118":0,"120":0,"126":0,"127":0},"path":"/mnt/d/Kingsland-University-Decentralized-Marketplace-Decentralized-Application-Project-2019/contracts/GeneralUtilities.sol","s":{"1":1178,"2":0,"3":0,"4":648,"5":648,"6":648,"7":0,"8":0,"9":0,"10":589,"11":1767,"12":1767,"13":1767,"14":1767,"15":1767,"16":1767,"17":35340,"18":35340,"19":1767,"20":589,"21":589,"22":589,"23":589,"24":589,"25":11780,"26":11780,"27":11780,"28":11780,"29":4400,"30":7380,"31":0,"32":7380,"33":7380,"34":11780,"35":4482,"36":7298,"37":0,"38":7298,"39":7298,"40":11780,"41":589,"42":0,"43":0,"44":0,"45":0,"46":0,"47":0,"48":0,"49":0,"50":0,"51":0,"52":0,"53":0},"b":{"1":[648,0],"2":[0,0],"3":[4400,7380],"4":[0,7380],"5":[7380,0],"6":[4482,7298],"7":[0,7298],"8":[7298,0],"9":[0,0],"10":[0,0],"11":[0,0],"12":[0,0],"13":[0,0]},"f":{"1":1178,"2":0,"3":648,"4":0,"5":589,"6":1767,"7":589,"8":0,"9":0,"10":0},"fnMap":{"1":{"name":"_getConcatenationOfEthereumAddressAndIpfsHash","line":10,"loc":{"start":{"line":10,"column":4},"end":{"line":10,"column":145}}},"2":{"name":"_convertAddressToAddressPayable","line":15,"loc":{"start":{"line":15,"column":4},"end":{"line":15,"column":108}}},"3":{"name":"_safeMathAdd","line":22,"loc":{"start":{"line":22,"column":4},"end":{"line":22,"column":77}}},"4":{"name":"_safeMathSubtract","line":31,"loc":{"start":{"line":31,"column":4},"end":{"line":31,"column":82}}},"5":{"name":"_compareStringsEqual","line":41,"loc":{"start":{"line":41,"column":4},"end":{"line":41,"column":94}}},"6":{"name":"_addressToString","line":48,"loc":{"start":{"line":48,"column":4},"end":{"line":48,"column":80}}},"7":{"name":"_parseEthereumAddressStringToAddress","line":66,"loc":{"start":{"line":66,"column":4},"end":{"line":66,"column":97}}},"8":{"name":"_safeMathDivide","line":101,"loc":{"start":{"line":101,"column":4},"end":{"line":101,"column":80}}},"9":{"name":"_safeMathMultiply","line":110,"loc":{"start":{"line":110,"column":4},"end":{"line":110,"column":75}}},"10":{"name":"_getPercentageOfTotalAmount","line":125,"loc":{"start":{"line":125,"column":4},"end":{"line":125,"column":134}}}},"statementMap":{"1":{"start":{"line":11,"column":8},"end":{"line":11,"column":106}},"2":{"start":{"line":16,"column":8},"end":{"line":16,"column":77}},"3":{"start":{"line":17,"column":8},"end":{"line":17,"column":31}},"4":{"start":{"line":23,"column":8},"end":{"line":23,"column":25}},"5":{"start":{"line":24,"column":8},"end":{"line":24,"column":58}},"6":{"start":{"line":26,"column":8},"end":{"line":26,"column":16}},"7":{"start":{"line":32,"column":8},"end":{"line":32,"column":66}},"8":{"start":{"line":33,"column":8},"end":{"line":33,"column":25}},"9":{"start":{"line":35,"column":8},"end":{"line":35,"column":16}},"10":{"start":{"line":42,"column":8},"end":{"line":42,"column":87}},"11":{"start":{"line":49,"column":8},"end":{"line":49,"column":47}},"12":{"start":{"line":50,"column":8},"end":{"line":50,"column":50}},"13":{"start":{"line":52,"column":8},"end":{"line":52,"column":40}},"14":{"start":{"line":53,"column":8},"end":{"line":53,"column":19}},"15":{"start":{"line":54,"column":8},"end":{"line":54,"column":19}},"16":{"start":{"line":55,"column":8},"end":{"line":55,"column":2607}},"17":{"start":{"line":56,"column":12},"end":{"line":56,"column":65}},"18":{"start":{"line":57,"column":12},"end":{"line":57,"column":67}},"19":{"start":{"line":59,"column":8},"end":{"line":59,"column":26}},"20":{"start":{"line":67,"column":8},"end":{"line":67,"column":36}},"21":{"start":{"line":68,"column":8},"end":{"line":68,"column":25}},"22":{"start":{"line":69,"column":8},"end":{"line":69,"column":18}},"23":{"start":{"line":70,"column":8},"end":{"line":70,"column":18}},"24":{"start":{"line":72,"column":8},"end":{"line":72,"column":3374}},"25":{"start":{"line":73,"column":12},"end":{"line":73,"column":23}},"26":{"start":{"line":74,"column":12},"end":{"line":74,"column":38}},"27":{"start":{"line":75,"column":12},"end":{"line":75,"column":42}},"28":{"start":{"line":77,"column":12},"end":{"line":77,"column":3563}},"29":{"start":{"line":78,"column":16},"end":{"line":78,"column":23}},"30":{"start":{"line":79,"column":19},"end":{"line":79,"column":3643}},"31":{"start":{"line":80,"column":16},"end":{"line":80,"column":23}},"32":{"start":{"line":81,"column":19},"end":{"line":81,"column":3722}},"33":{"start":{"line":82,"column":16},"end":{"line":82,"column":23}},"34":{"start":{"line":85,"column":12},"end":{"line":85,"column":3823}},"35":{"start":{"line":86,"column":16},"end":{"line":86,"column":23}},"36":{"start":{"line":87,"column":19},"end":{"line":87,"column":3903}},"37":{"start":{"line":88,"column":16},"end":{"line":88,"column":23}},"38":{"start":{"line":89,"column":19},"end":{"line":89,"column":3982}},"39":{"start":{"line":90,"column":16},"end":{"line":90,"column":23}},"40":{"start":{"line":93,"column":12},"end":{"line":93,"column":34}},"41":{"start":{"line":96,"column":8},"end":{"line":96,"column":29}},"42":{"start":{"line":102,"column":8},"end":{"line":102,"column":59}},"43":{"start":{"line":103,"column":8},"end":{"line":103,"column":25}},"44":{"start":{"line":104,"column":8},"end":{"line":104,"column":73}},"45":{"start":{"line":105,"column":8},"end":{"line":105,"column":16}},"46":{"start":{"line":111,"column":8},"end":{"line":111,"column":5017}},"47":{"start":{"line":112,"column":12},"end":{"line":112,"column":20}},"48":{"start":{"line":115,"column":8},"end":{"line":115,"column":24}},"49":{"start":{"line":117,"column":8},"end":{"line":117,"column":75}},"50":{"start":{"line":118,"column":8},"end":{"line":118,"column":75}},"51":{"start":{"line":120,"column":8},"end":{"line":120,"column":16}},"52":{"start":{"line":126,"column":8},"end":{"line":126,"column":76}},"53":{"start":{"line":127,"column":8},"end":{"line":127,"column":60}}},"branchMap":{"1":{"line":24,"type":"if","locations":[{"start":{"line":24,"column":8},"end":{"line":24,"column":8}},{"start":{"line":24,"column":8},"end":{"line":24,"column":8}}]},"2":{"line":32,"type":"if","locations":[{"start":{"line":32,"column":8},"end":{"line":32,"column":8}},{"start":{"line":32,"column":8},"end":{"line":32,"column":8}}]},"3":{"line":77,"type":"if","locations":[{"start":{"line":77,"column":12},"end":{"line":77,"column":12}},{"start":{"line":77,"column":12},"end":{"line":77,"column":12}}]},"4":{"line":79,"type":"if","locations":[{"start":{"line":79,"column":19},"end":{"line":79,"column":19}},{"start":{"line":79,"column":19},"end":{"line":79,"column":19}}]},"5":{"line":81,"type":"if","locations":[{"start":{"line":81,"column":19},"end":{"line":81,"column":19}},{"start":{"line":81,"column":19},"end":{"line":81,"column":19}}]},"6":{"line":85,"type":"if","locations":[{"start":{"line":85,"column":12},"end":{"line":85,"column":12}},{"start":{"line":85,"column":12},"end":{"line":85,"column":12}}]},"7":{"line":87,"type":"if","locations":[{"start":{"line":87,"column":19},"end":{"line":87,"column":19}},{"start":{"line":87,"column":19},"end":{"line":87,"column":19}}]},"8":{"line":89,"type":"if","locations":[{"start":{"line":89,"column":19},"end":{"line":89,"column":19}},{"start":{"line":89,"column":19},"end":{"line":89,"column":19}}]},"9":{"line":102,"type":"if","locations":[{"start":{"line":102,"column":8},"end":{"line":102,"column":8}},{"start":{"line":102,"column":8},"end":{"line":102,"column":8}}]},"10":{"line":104,"type":"if","locations":[{"start":{"line":104,"column":8},"end":{"line":104,"column":8}},{"start":{"line":104,"column":8},"end":{"line":104,"column":8}}]},"11":{"line":111,"type":"if","locations":[{"start":{"line":111,"column":8},"end":{"line":111,"column":8}},{"start":{"line":111,"column":8},"end":{"line":111,"column":8}}]},"12":{"line":117,"type":"if","locations":[{"start":{"line":117,"column":8},"end":{"line":117,"column":8}},{"start":{"line":117,"column":8},"end":{"line":117,"column":8}}]},"13":{"line":118,"type":"if","locations":[{"start":{"line":118,"column":8},"end":{"line":118,"column":8}},{"start":{"line":118,"column":8},"end":{"line":118,"column":8}}]}}}}