TN:
SF:/mnt/d/Kingsland-University-Decentralized-Marketplace-Decentralized-Application-Project-2019/contracts/FranklinDecentralizedMarketplace.sol
FN:163,constructor
FN:167,setFranklinDecentralizedMarketplaceMediationContract
FN:181,sellerIsWillingToSellItemsViaMediator
FN:190,setSellerWillingToSellItemsViaMediator
FN:201,addOrUpdateSellerDescription
FN:211,getSellerIpfsHashDescription
FN:218,_addSeller
FN:246,_removeSeller
FN:272,removeSeller
FN:301,getSellerAddress
FN:321,sellerExists
FN:326,getNumberOfSellers
FN:341,setPriceOfItem
FN:359,getPriceOfItem
FN:372,setQuantityAvailableForSaleOfAnItem
FN:383,setQuantityAvailableForSaleOfAnItem_v2
FN:401,getQuantityAvailableForSaleOfAnItemBySeller
FN:419,purchaseItemWithoutMediator
FN:455,addItemForSale
FN:491,removeItemForSale
FN:523,getNumberOfDifferentItemsBeingSoldBySeller
FN:536,itemForSaleFromSellerExists
FN:553,getItemForSale
FNF:23
FNH:22
FNDA:73,constructor
FNDA:73,setFranklinDecentralizedMarketplaceMediationContract
FNDA:10,sellerIsWillingToSellItemsViaMediator
FNDA:7,setSellerWillingToSellItemsViaMediator
FNDA:7,addOrUpdateSellerDescription
FNDA:6,getSellerIpfsHashDescription
FNDA:94,_addSeller
FNDA:4,_removeSeller
FNDA:5,removeSeller
FNDA:6,getSellerAddress
FNDA:7,sellerExists
FNDA:10,getNumberOfSellers
FNDA:13,setPriceOfItem
FNDA:8,getPriceOfItem
FNDA:14,setQuantityAvailableForSaleOfAnItem
FNDA:10,setQuantityAvailableForSaleOfAnItem_v2
FNDA:10,getQuantityAvailableForSaleOfAnItemBySeller
FNDA:18,purchaseItemWithoutMediator
FNDA:94,addItemForSale
FNDA:5,removeItemForSale
FNDA:2,getNumberOfDifferentItemsBeingSoldBySeller
FNDA:0,itemForSaleFromSellerExists
FNDA:5,getItemForSale
DA:164,73
DA:168,73
DA:169,71
DA:171,69
DA:172,69
DA:174,67
DA:175,67
DA:182,10
DA:191,7
DA:192,2
DA:195,5
DA:202,7
DA:203,5
DA:205,3
DA:212,6
DA:219,94
DA:224,94
DA:225,41
DA:229,53
DA:230,53
DA:233,53
DA:234,53
DA:236,53
DA:237,53
DA:247,4
DA:249,4
DA:250,0
DA:254,4
DA:255,4
DA:258,4
DA:259,4
DA:261,4
DA:262,4
DA:263,4
DA:273,5
DA:276,5
DA:277,5
DA:278,5
DA:279,5
DA:283,5
DA:284,5
DA:302,6
DA:306,3
DA:307,3
DA:308,3
DA:309,6
DA:310,6
DA:311,3
DA:314,3
DA:317,3
DA:322,7
DA:327,10
DA:342,13
DA:348,9
DA:349,9
DA:351,7
DA:360,8
DA:361,8
DA:363,5
DA:373,14
DA:375,10
DA:376,10
DA:378,8
DA:384,10
DA:385,8
DA:387,4
DA:388,4
DA:390,2
DA:392,0
DA:402,10
DA:403,10
DA:405,7
DA:420,18
DA:421,16
DA:422,14
DA:424,12
DA:426,10
DA:427,10
DA:429,8
DA:430,6
DA:433,6
DA:435,4
DA:436,4
DA:439,2
DA:443,2
DA:446,2
DA:448,2
DA:456,94
DA:458,94
DA:461,94
DA:462,0
DA:466,94
DA:469,94
DA:470,94
DA:473,94
DA:474,94
DA:476,94
DA:477,94
DA:479,94
DA:481,94
DA:492,5
DA:494,5
DA:495,0
DA:499,5
DA:502,5
DA:503,5
DA:506,5
DA:507,5
DA:509,5
DA:510,5
DA:511,5
DA:512,5
DA:514,5
DA:515,4
DA:518,5
DA:524,2
DA:537,0
DA:538,0
DA:554,5
DA:555,0
DA:559,5
DA:561,5
DA:562,5
DA:563,5
DA:564,6
DA:565,6
DA:566,5
DA:569,1
DA:572,5
LF:129
LH:122
BRDA:168,1,0,71
BRDA:168,1,1,2
BRDA:169,2,0,69
BRDA:169,2,1,2
BRDA:172,3,0,67
BRDA:172,3,1,2
BRDA:191,4,0,2
BRDA:191,4,1,5
BRDA:202,5,0,5
BRDA:202,5,1,2
BRDA:203,6,0,3
BRDA:203,6,1,2
BRDA:224,7,0,41
BRDA:224,7,1,53
BRDA:249,8,0,0
BRDA:249,8,1,4
BRDA:302,9,0,3
BRDA:302,9,1,3
BRDA:310,10,0,3
BRDA:310,10,1,3
BRDA:342,11,0,9
BRDA:342,11,1,4
BRDA:349,12,0,7
BRDA:349,12,1,2
BRDA:361,13,0,5
BRDA:361,13,1,3
BRDA:373,14,0,10
BRDA:373,14,1,4
BRDA:376,15,0,8
BRDA:376,15,1,2
BRDA:384,16,0,8
BRDA:384,16,1,2
BRDA:385,17,0,4
BRDA:385,17,1,4
BRDA:388,18,0,2
BRDA:388,18,1,2
BRDA:390,19,0,0
BRDA:390,19,1,2
BRDA:403,20,0,7
BRDA:403,20,1,3
BRDA:420,21,0,16
BRDA:420,21,1,2
BRDA:421,22,0,14
BRDA:421,22,1,2
BRDA:422,23,0,12
BRDA:422,23,1,2
BRDA:424,24,0,10
BRDA:424,24,1,2
BRDA:427,25,0,8
BRDA:427,25,1,2
BRDA:429,26,0,6
BRDA:429,26,1,2
BRDA:430,27,0,6
BRDA:430,27,1,0
BRDA:433,28,0,4
BRDA:433,28,1,2
BRDA:436,29,0,2
BRDA:436,29,1,2
BRDA:456,30,0,94
BRDA:456,30,1,0
BRDA:461,31,0,0
BRDA:461,31,1,94
BRDA:494,32,0,0
BRDA:494,32,1,5
BRDA:514,33,0,4
BRDA:514,33,1,1
BRDA:554,34,0,0
BRDA:554,34,1,5
BRDA:565,35,0,5
BRDA:565,35,1,1
BRF:70
BRH:63
end_of_record
