TN:
SF:/mnt/d/Kingsland-University-Decentralized-Marketplace-Decentralized-Application-Project-2019/contracts/FranklinDecentralizedMarketplace.sol
FN:163,constructor
FN:167,setFranklinDecentralizedMarketplaceMediationContract
FN:181,sellerIsWillingToSellItemsViaMediator
FN:190,setSellerWillingToSellItemsViaMediator
FN:201,addOrUpdateSellerDescription
FN:211,getSellerIpfsHashDescription
FN:218,_addSeller
FN:246,_removeSeller
FN:272,removeSeller
FN:301,getSellerAddress
FN:321,sellerExists
FN:326,getNumberOfSellers
FN:341,setPriceOfItem
FN:359,getPriceOfItem
FN:372,setQuantityAvailableForSaleOfAnItem
FN:383,setQuantityAvailableForSaleOfAnItem_v2
FN:401,getQuantityAvailableForSaleOfAnItemBySeller
FN:419,purchaseItemWithoutMediator
FN:455,addItemForSale
FN:491,removeItemForSale
FN:523,getNumberOfDifferentItemsBeingSoldBySeller
FN:536,itemForSaleFromSellerExists
FN:553,getItemForSale
FNF:23
FNH:8
FNDA:14,constructor
FNDA:16,setFranklinDecentralizedMarketplaceMediationContract
FNDA:0,sellerIsWillingToSellItemsViaMediator
FNDA:0,setSellerWillingToSellItemsViaMediator
FNDA:0,addOrUpdateSellerDescription
FNDA:0,getSellerIpfsHashDescription
FNDA:4,_addSeller
FNDA:0,_removeSeller
FNDA:0,removeSeller
FNDA:0,getSellerAddress
FNDA:0,sellerExists
FNDA:0,getNumberOfSellers
FNDA:2,setPriceOfItem
FNDA:0,getPriceOfItem
FNDA:2,setQuantityAvailableForSaleOfAnItem
FNDA:0,setQuantityAvailableForSaleOfAnItem_v2
FNDA:2,getQuantityAvailableForSaleOfAnItemBySeller
FNDA:2,purchaseItemWithoutMediator
FNDA:4,addItemForSale
FNDA:0,removeItemForSale
FNDA:0,getNumberOfDifferentItemsBeingSoldBySeller
FNDA:0,itemForSaleFromSellerExists
FNDA:0,getItemForSale
DA:164,14
DA:168,16
DA:169,14
DA:171,12
DA:172,12
DA:174,10
DA:175,10
DA:182,0
DA:191,0
DA:192,0
DA:195,0
DA:202,0
DA:203,0
DA:205,0
DA:212,0
DA:219,4
DA:224,4
DA:225,2
DA:229,2
DA:230,2
DA:233,2
DA:234,2
DA:236,2
DA:237,2
DA:247,0
DA:249,0
DA:250,0
DA:254,0
DA:255,0
DA:258,0
DA:259,0
DA:261,0
DA:262,0
DA:263,0
DA:273,0
DA:276,0
DA:277,0
DA:278,0
DA:279,0
DA:283,0
DA:284,0
DA:302,0
DA:306,0
DA:307,0
DA:308,0
DA:309,0
DA:310,0
DA:311,0
DA:314,0
DA:317,0
DA:322,0
DA:327,0
DA:342,2
DA:348,2
DA:349,2
DA:351,2
DA:360,0
DA:361,0
DA:363,0
DA:373,2
DA:375,2
DA:376,2
DA:378,2
DA:384,0
DA:385,0
DA:387,0
DA:388,0
DA:390,0
DA:392,0
DA:402,2
DA:403,2
DA:405,2
DA:420,2
DA:421,2
DA:422,2
DA:424,2
DA:426,2
DA:427,2
DA:429,2
DA:430,2
DA:433,2
DA:435,2
DA:436,2
DA:439,2
DA:443,2
DA:446,2
DA:448,2
DA:456,4
DA:458,4
DA:461,4
DA:462,0
DA:466,4
DA:469,4
DA:470,4
DA:473,4
DA:474,4
DA:476,4
DA:477,4
DA:479,4
DA:481,4
DA:492,0
DA:494,0
DA:495,0
DA:499,0
DA:502,0
DA:503,0
DA:506,0
DA:507,0
DA:509,0
DA:510,0
DA:511,0
DA:512,0
DA:514,0
DA:515,0
DA:518,0
DA:524,0
DA:537,0
DA:538,0
DA:554,0
DA:555,0
DA:559,0
DA:561,0
DA:562,0
DA:563,0
DA:564,0
DA:565,0
DA:566,0
DA:569,0
DA:572,0
LF:129
LH:54
BRDA:168,1,0,14
BRDA:168,1,1,2
BRDA:169,2,0,12
BRDA:169,2,1,2
BRDA:172,3,0,10
BRDA:172,3,1,2
BRDA:191,4,0,0
BRDA:191,4,1,0
BRDA:202,5,0,0
BRDA:202,5,1,0
BRDA:203,6,0,0
BRDA:203,6,1,0
BRDA:224,7,0,2
BRDA:224,7,1,2
BRDA:249,8,0,0
BRDA:249,8,1,0
BRDA:302,9,0,0
BRDA:302,9,1,0
BRDA:310,10,0,0
BRDA:310,10,1,0
BRDA:342,11,0,2
BRDA:342,11,1,0
BRDA:349,12,0,2
BRDA:349,12,1,0
BRDA:361,13,0,0
BRDA:361,13,1,0
BRDA:373,14,0,2
BRDA:373,14,1,0
BRDA:376,15,0,2
BRDA:376,15,1,0
BRDA:384,16,0,0
BRDA:384,16,1,0
BRDA:385,17,0,0
BRDA:385,17,1,0
BRDA:388,18,0,0
BRDA:388,18,1,0
BRDA:390,19,0,0
BRDA:390,19,1,0
BRDA:403,20,0,2
BRDA:403,20,1,0
BRDA:420,21,0,2
BRDA:420,21,1,0
BRDA:421,22,0,2
BRDA:421,22,1,0
BRDA:422,23,0,2
BRDA:422,23,1,0
BRDA:424,24,0,2
BRDA:424,24,1,0
BRDA:427,25,0,2
BRDA:427,25,1,0
BRDA:429,26,0,2
BRDA:429,26,1,0
BRDA:430,27,0,2
BRDA:430,27,1,0
BRDA:433,28,0,2
BRDA:433,28,1,0
BRDA:436,29,0,2
BRDA:436,29,1,0
BRDA:456,30,0,4
BRDA:456,30,1,0
BRDA:461,31,0,0
BRDA:461,31,1,4
BRDA:494,32,0,0
BRDA:494,32,1,0
BRDA:514,33,0,0
BRDA:514,33,1,0
BRDA:554,34,0,0
BRDA:554,34,1,0
BRDA:565,35,0,0
BRDA:565,35,1,0
BRF:70
BRH:24
end_of_record
TN:
SF:/mnt/d/Kingsland-University-Decentralized-Marketplace-Decentralized-Application-Project-2019/contracts/FranklinDecentralizedMarketplaceMediation.sol
FN:142,constructor
FN:146,setFranklinDecentralizedMarketplaceContract
FN:161,_addMediator
FN:183,addOrUpdateMediator
FN:194,_removeMediator
FN:219,removeMediator
FN:233,getMediatorAddress
FN:253,getNumberOfMediators
FN:258,mediatorExists
FN:264,_mediatedSalesTransactionHasBeenApproved
FN:277,_mediatedSalesTransactionHasBeenDisapproved
FN:295,approveMediatedSalesTransaction
FN:351,disapproveMediatedSalesTransaction
FN:416,_purchaseItemWithMediator
FN:462,purchaseItemWithMediator
FN:517,getMediatorIpfsHashDescription
FN:522,getNumberOfMediationsMediatorInvolved
FNF:17
FNH:2
FNDA:11,constructor
FNDA:10,setFranklinDecentralizedMarketplaceContract
FNDA:0,_addMediator
FNDA:0,addOrUpdateMediator
FNDA:0,_removeMediator
FNDA:0,removeMediator
FNDA:0,getMediatorAddress
FNDA:0,getNumberOfMediators
FNDA:0,mediatorExists
FNDA:0,_mediatedSalesTransactionHasBeenApproved
FNDA:0,_mediatedSalesTransactionHasBeenDisapproved
FNDA:0,approveMediatedSalesTransaction
FNDA:0,disapproveMediatedSalesTransaction
FNDA:0,_purchaseItemWithMediator
FNDA:0,purchaseItemWithMediator
FNDA:0,getMediatorIpfsHashDescription
FNDA:0,getNumberOfMediationsMediatorInvolved
DA:143,11
DA:147,10
DA:148,10
DA:150,10
DA:151,10
DA:153,10
DA:154,10
DA:162,0
DA:163,0
DA:166,0
DA:169,0
DA:170,0
DA:173,0
DA:174,0
DA:176,0
DA:177,0
DA:184,0
DA:185,0
DA:187,0
DA:195,0
DA:196,0
DA:199,0
DA:202,0
DA:203,0
DA:206,0
DA:207,0
DA:209,0
DA:210,0
DA:220,0
DA:234,0
DA:238,0
DA:239,0
DA:240,0
DA:241,0
DA:242,0
DA:243,0
DA:246,0
DA:249,0
DA:254,0
DA:259,0
DA:265,0
DA:266,0
DA:267,0
DA:268,0
DA:272,0
DA:278,0
DA:279,0
DA:280,0
DA:281,0
DA:285,0
DA:296,0
DA:298,0
DA:301,0
DA:305,0
DA:308,0
DA:309,0
DA:310,0
DA:311,0
DA:317,0
DA:318,0
DA:319,0
DA:323,0
DA:324,0
DA:328,0
DA:329,0
DA:330,0
DA:331,0
DA:333,0
DA:334,0
DA:336,0
DA:337,0
DA:339,0
DA:352,0
DA:354,0
DA:357,0
DA:361,0
DA:364,0
DA:365,0
DA:366,0
DA:367,0
DA:373,0
DA:374,0
DA:375,0
DA:379,0
DA:380,0
DA:384,0
DA:385,0
DA:387,0
DA:388,0
DA:390,0
DA:418,0
DA:420,0
DA:423,0
DA:424,0
DA:425,0
DA:426,0
DA:435,0
DA:437,0
DA:464,0
DA:465,0
DA:466,0
DA:467,0
DA:469,0
DA:471,0
DA:473,0
DA:474,0
DA:475,0
DA:478,0
DA:479,0
DA:481,0
DA:482,0
DA:485,0
DA:486,0
DA:487,0
DA:490,0
DA:499,0
DA:503,0
DA:512,0
DA:518,0
DA:523,0
DA:524,0
LF:121
LH:7
BRDA:147,1,0,10
BRDA:147,1,1,0
BRDA:148,2,0,10
BRDA:148,2,1,0
BRDA:151,3,0,10
BRDA:151,3,1,0
BRDA:162,4,0,0
BRDA:162,4,1,0
BRDA:184,5,0,0
BRDA:184,5,1,0
BRDA:195,6,0,0
BRDA:195,6,1,0
BRDA:234,7,0,0
BRDA:234,7,1,0
BRDA:242,8,0,0
BRDA:242,8,1,0
BRDA:267,9,0,0
BRDA:267,9,1,0
BRDA:280,10,0,0
BRDA:280,10,1,0
BRDA:296,11,0,0
BRDA:296,11,1,0
BRDA:301,12,0,0
BRDA:301,12,1,0
BRDA:305,13,0,0
BRDA:305,13,1,0
BRDA:310,14,0,0
BRDA:310,14,1,0
BRDA:317,15,0,0
BRDA:317,15,1,0
BRDA:328,16,0,0
BRDA:328,16,1,0
BRDA:352,17,0,0
BRDA:352,17,1,0
BRDA:357,18,0,0
BRDA:357,18,1,0
BRDA:361,19,0,0
BRDA:361,19,1,0
BRDA:366,20,0,0
BRDA:366,20,1,0
BRDA:373,21,0,0
BRDA:373,21,1,0
BRDA:384,22,0,0
BRDA:384,22,1,0
BRDA:418,23,0,0
BRDA:418,23,1,0
BRDA:420,24,0,0
BRDA:420,24,1,0
BRDA:464,25,0,0
BRDA:464,25,1,0
BRDA:465,26,0,0
BRDA:465,26,1,0
BRDA:466,27,0,0
BRDA:466,27,1,0
BRDA:467,28,0,0
BRDA:467,28,1,0
BRDA:469,29,0,0
BRDA:469,29,1,0
BRDA:471,30,0,0
BRDA:471,30,1,0
BRDA:474,31,0,0
BRDA:474,31,1,0
BRDA:475,32,0,0
BRDA:475,32,1,0
BRDA:479,33,0,0
BRDA:479,33,1,0
BRDA:482,34,0,0
BRDA:482,34,1,0
BRDA:485,35,0,0
BRDA:485,35,1,0
BRDA:486,36,0,0
BRDA:486,36,1,0
BRDA:487,37,0,0
BRDA:487,37,1,0
BRDA:523,38,0,0
BRDA:523,38,1,0
BRF:76
BRH:3
end_of_record
